2025-02-21 06:17:26.618424+00:00 [notice] <0.216.0> Logging: configured log handlers are now ACTIVE
2025-02-21 06:17:26.628143+00:00 [info] <0.216.0> ra: starting system quorum_queues
2025-02-21 06:17:26.628235+00:00 [info] <0.216.0> starting Ra system: quorum_queues in directory: /var/lib/rabbitmq/mnesia/rabbit@3b70c3844c74/quorum/rabbit@3b70c3844c74
2025-02-21 06:17:26.757826+00:00 [info] <0.230.0> ra system 'quorum_queues' running pre init for 0 registered servers
2025-02-21 06:17:26.789597+00:00 [info] <0.231.0> ra: meta data store initialised for system quorum_queues. 0 record(s) recovered
2025-02-21 06:17:26.801935+00:00 [notice] <0.236.0> WAL: ra_log_wal init, open tbls: ra_log_open_mem_tables, closed tbls: ra_log_closed_mem_tables
2025-02-21 06:17:26.838280+00:00 [info] <0.238.0> ra_system_recover: ra system 'quorum_queues' server recovery strategy rabbit_quorum_queue:system_recover
2025-02-21 06:17:26.838475+00:00 [info] <0.238.0> [rabbit_quorum_queue:system_recover/1] rabbit not booted, skipping queue recovery
2025-02-21 06:17:26.838642+00:00 [info] <0.216.0> ra: starting system coordination
2025-02-21 06:17:26.838664+00:00 [info] <0.216.0> starting Ra system: coordination in directory: /var/lib/rabbitmq/mnesia/rabbit@3b70c3844c74/coordination/rabbit@3b70c3844c74
2025-02-21 06:17:26.848525+00:00 [info] <0.244.0> ra system 'coordination' running pre init for 0 registered servers
2025-02-21 06:17:26.852569+00:00 [info] <0.245.0> ra: meta data store initialised for system coordination. 0 record(s) recovered
2025-02-21 06:17:26.852913+00:00 [notice] <0.250.0> WAL: ra_coordination_log_wal init, open tbls: ra_coordination_log_open_mem_tables, closed tbls: ra_coordination_log_closed_mem_tables
2025-02-21 06:17:26.855209+00:00 [info] <0.216.0> ra: starting system coordination
2025-02-21 06:17:26.855254+00:00 [info] <0.216.0> starting Ra system: coordination in directory: /var/lib/rabbitmq/mnesia/rabbit@3b70c3844c74/coordination/rabbit@3b70c3844c74
2025-02-21 06:17:26.994755+00:00 [notice] <0.254.0> RabbitMQ metadata store: candidate -> leader in term: 1 machine version: 1
2025-02-21 06:17:27.290999+00:00 [info] <0.216.0> 
2025-02-21 06:17:27.290999+00:00 [info] <0.216.0>  Starting RabbitMQ 4.0.6 on Erlang 27.2.2 [jit]
2025-02-21 06:17:27.290999+00:00 [info] <0.216.0>  Copyright (c) 2007-2024 Broadcom Inc and/or its subsidiaries
2025-02-21 06:17:27.290999+00:00 [info] <0.216.0>  Licensed under the MPL 2.0. Website: https://rabbitmq.com
2025-02-21 06:17:27.293310+00:00 [info] <0.216.0> 
2025-02-21 06:17:27.293310+00:00 [info] <0.216.0>  node           : rabbit@3b70c3844c74
2025-02-21 06:17:27.293310+00:00 [info] <0.216.0>  home dir       : /var/lib/rabbitmq
2025-02-21 06:17:27.293310+00:00 [info] <0.216.0>  config file(s) : /etc/rabbitmq/rabbitmq.conf
2025-02-21 06:17:27.293310+00:00 [info] <0.216.0>  cookie hash    : LRvDIVepJzF89mT9Vqz9Eg==
2025-02-21 06:17:27.293310+00:00 [info] <0.216.0>  log(s)         : /var/log/rabbitmq/rabbit@3b70c3844c74.log
2025-02-21 06:17:27.293310+00:00 [info] <0.216.0>                 : <stdout>
2025-02-21 06:17:27.293310+00:00 [info] <0.216.0>  data dir       : /var/lib/rabbitmq/mnesia/rabbit@3b70c3844c74
2025-02-21 06:17:27.959112+00:00 [info] <0.216.0> Running boot step pre_boot defined by app rabbit
2025-02-21 06:17:27.959198+00:00 [info] <0.216.0> Running boot step rabbit_global_counters defined by app rabbit
2025-02-21 06:17:27.959743+00:00 [info] <0.216.0> Running boot step rabbit_osiris_metrics defined by app rabbit
2025-02-21 06:17:27.959858+00:00 [info] <0.216.0> Running boot step rabbit_core_metrics defined by app rabbit
2025-02-21 06:17:27.961035+00:00 [info] <0.216.0> Running boot step rabbit_alarm defined by app rabbit
2025-02-21 06:17:27.977064+00:00 [info] <0.284.0> Memory high watermark set to 4702 MiB (4930950758 bytes) of 7837 MiB (8218251264 bytes) total
2025-02-21 06:17:27.988089+00:00 [info] <0.286.0> Enabling free disk space monitoring (disk free space: 255951638528, total memory: 8218251264)
2025-02-21 06:17:27.988474+00:00 [info] <0.286.0> Disk free limit set to 50MB
2025-02-21 06:17:27.993338+00:00 [info] <0.216.0> Running boot step code_server_cache defined by app rabbit
2025-02-21 06:17:27.993464+00:00 [info] <0.216.0> Running boot step file_handle_cache defined by app rabbit
2025-02-21 06:17:27.998274+00:00 [info] <0.289.0> Limiting to approx 1048479 file handles (943629 sockets)
2025-02-21 06:17:27.998448+00:00 [info] <0.290.0> FHC read buffering: OFF
2025-02-21 06:17:27.998469+00:00 [info] <0.290.0> FHC write buffering: ON
2025-02-21 06:17:27.998956+00:00 [info] <0.216.0> Running boot step worker_pool defined by app rabbit
2025-02-21 06:17:27.999004+00:00 [info] <0.271.0> Will use 8 processes for default worker pool
2025-02-21 06:17:27.999024+00:00 [info] <0.271.0> Starting worker pool 'worker_pool' with 8 processes in it
2025-02-21 06:17:27.999238+00:00 [info] <0.216.0> Running boot step database defined by app rabbit
2025-02-21 06:17:28.000237+00:00 [info] <0.216.0> Peer discovery: configured backend: rabbit_peer_discovery_classic_config
2025-02-21 06:17:28.004608+00:00 [notice] <0.272.0> Feature flags: attempt to enable `detailed_queues_endpoint`...
2025-02-21 06:17:28.015683+00:00 [notice] <0.272.0> Feature flags: `detailed_queues_endpoint` enabled
2025-02-21 06:17:28.015792+00:00 [notice] <0.272.0> Feature flags: attempt to enable `quorum_queue_non_voters`...
2025-02-21 06:17:28.049036+00:00 [notice] <0.272.0> Feature flags: `quorum_queue_non_voters` enabled
2025-02-21 06:17:28.049230+00:00 [notice] <0.272.0> Feature flags: attempt to enable `rabbitmq_4.0.0`...
2025-02-21 06:17:28.065269+00:00 [notice] <0.272.0> Feature flags: `rabbitmq_4.0.0` enabled
2025-02-21 06:17:28.065602+00:00 [notice] <0.272.0> Feature flags: attempt to enable `rabbit_exchange_type_local_random`...
2025-02-21 06:17:28.086410+00:00 [notice] <0.272.0> Feature flags: `rabbit_exchange_type_local_random` enabled
2025-02-21 06:17:28.086544+00:00 [notice] <0.272.0> Feature flags: attempt to enable `message_containers_deaths_v2`...
2025-02-21 06:17:28.101299+00:00 [notice] <0.272.0> Feature flags: `message_containers_deaths_v2` enabled
2025-02-21 06:17:28.101531+00:00 [info] <0.216.0> DB: virgin node -> run peer discovery
2025-02-21 06:17:28.101575+00:00 [warning] <0.216.0> Classic peer discovery backend: list of nodes does not contain the local node []
2025-02-21 06:17:28.128947+00:00 [notice] <0.45.0> Application mnesia exited with reason: stopped
2025-02-21 06:17:28.418624+00:00 [info] <0.216.0> Waiting for Mnesia tables for 30000 ms, 9 retries left
2025-02-21 06:17:28.418725+00:00 [info] <0.216.0> Successfully synced tables from a peer
2025-02-21 06:17:28.419068+00:00 [info] <0.216.0> Waiting for Mnesia tables for 30000 ms, 9 retries left
2025-02-21 06:17:28.419165+00:00 [info] <0.216.0> Successfully synced tables from a peer
2025-02-21 06:17:28.422229+00:00 [info] <0.216.0> Waiting for Mnesia tables for 30000 ms, 9 retries left
2025-02-21 06:17:28.422438+00:00 [info] <0.216.0> Successfully synced tables from a peer
2025-02-21 06:17:28.422656+00:00 [info] <0.216.0> Running boot step tracking_metadata_store defined by app rabbit
2025-02-21 06:17:28.422703+00:00 [info] <0.485.0> Setting up a table for connection tracking on this node: tracked_connection
2025-02-21 06:17:28.422731+00:00 [info] <0.485.0> Setting up a table for per-vhost connection counting on this node: tracked_connection_per_vhost
2025-02-21 06:17:28.422881+00:00 [info] <0.485.0> Setting up a table for per-user connection counting on this node: tracked_connection_per_user
2025-02-21 06:17:28.423015+00:00 [info] <0.485.0> Setting up a table for channel tracking on this node: tracked_channel
2025-02-21 06:17:28.423108+00:00 [info] <0.485.0> Setting up a table for channel tracking on this node: tracked_channel_per_user
2025-02-21 06:17:28.423425+00:00 [info] <0.216.0> Running boot step networking_metadata_store defined by app rabbit
2025-02-21 06:17:28.423487+00:00 [info] <0.216.0> Running boot step feature_flags defined by app rabbit
2025-02-21 06:17:28.423715+00:00 [info] <0.216.0> Running boot step codec_correctness_check defined by app rabbit
2025-02-21 06:17:28.423730+00:00 [info] <0.216.0> Running boot step external_infrastructure defined by app rabbit
2025-02-21 06:17:28.423806+00:00 [info] <0.216.0> Running boot step rabbit_event defined by app rabbit
2025-02-21 06:17:28.423855+00:00 [info] <0.216.0> Running boot step rabbit_registry defined by app rabbit
2025-02-21 06:17:28.423876+00:00 [info] <0.216.0> Running boot step rabbit_auth_mechanism_amqplain defined by app rabbit
2025-02-21 06:17:28.423929+00:00 [info] <0.216.0> Running boot step rabbit_auth_mechanism_anonymous defined by app rabbit
2025-02-21 06:17:28.423947+00:00 [info] <0.216.0> Running boot step rabbit_auth_mechanism_cr_demo defined by app rabbit
2025-02-21 06:17:28.423965+00:00 [info] <0.216.0> Running boot step rabbit_auth_mechanism_plain defined by app rabbit
2025-02-21 06:17:28.424001+00:00 [info] <0.216.0> Running boot step rabbit_exchange_type_direct defined by app rabbit
2025-02-21 06:17:28.424025+00:00 [info] <0.216.0> Running boot step rabbit_exchange_type_fanout defined by app rabbit
2025-02-21 06:17:28.424041+00:00 [info] <0.216.0> Running boot step rabbit_exchange_type_headers defined by app rabbit
2025-02-21 06:17:28.424059+00:00 [info] <0.216.0> Running boot step rabbit_exchange_type_local_random defined by app rabbit
2025-02-21 06:17:28.424085+00:00 [info] <0.216.0> Running boot step rabbit_exchange_type_topic defined by app rabbit
2025-02-21 06:17:28.424103+00:00 [info] <0.216.0> Running boot step rabbit_priority_queue defined by app rabbit
2025-02-21 06:17:28.424115+00:00 [info] <0.216.0> Priority queues enabled, real BQ is rabbit_variable_queue
2025-02-21 06:17:28.424136+00:00 [info] <0.216.0> Running boot step kernel_ready defined by app rabbit
2025-02-21 06:17:28.424146+00:00 [info] <0.216.0> Running boot step pg_local_amqp_connection defined by app rabbit
2025-02-21 06:17:28.435117+00:00 [info] <0.216.0> Running boot step pg_local_amqp_session defined by app rabbit
2025-02-21 06:17:28.436139+00:00 [info] <0.216.0> Running boot step rabbit_sysmon_minder defined by app rabbit
2025-02-21 06:17:28.436349+00:00 [info] <0.216.0> Running boot step rabbit_epmd_monitor defined by app rabbit
2025-02-21 06:17:28.442106+00:00 [info] <0.495.0> epmd monitor knows us, inter-node communication (distribution) port: 25672
2025-02-21 06:17:28.442234+00:00 [info] <0.216.0> Running boot step guid_generator defined by app rabbit
2025-02-21 06:17:28.443882+00:00 [info] <0.216.0> Running boot step rabbit_node_monitor defined by app rabbit
2025-02-21 06:17:28.444680+00:00 [info] <0.499.0> Starting rabbit_node_monitor (in ignore mode)
2025-02-21 06:17:28.444867+00:00 [info] <0.216.0> Running boot step delegate_sup defined by app rabbit
2025-02-21 06:17:28.446091+00:00 [info] <0.216.0> Running boot step rabbit_fifo_dlx_sup defined by app rabbit
2025-02-21 06:17:28.446175+00:00 [info] <0.216.0> Running boot step core_initialized defined by app rabbit
2025-02-21 06:17:28.446189+00:00 [info] <0.216.0> Running boot step rabbit_channel_tracking_handler defined by app rabbit
2025-02-21 06:17:28.446220+00:00 [info] <0.216.0> Running boot step rabbit_classic_queue defined by app rabbit
2025-02-21 06:17:28.446258+00:00 [info] <0.216.0> Running boot step rabbit_connection_tracking_handler defined by app rabbit
2025-02-21 06:17:28.446274+00:00 [info] <0.216.0> Running boot step rabbit_definitions_hashing defined by app rabbit
2025-02-21 06:17:28.446300+00:00 [info] <0.216.0> Running boot step rabbit_exchange_parameters defined by app rabbit
2025-02-21 06:17:28.753359+00:00 [info] <0.216.0> Running boot step rabbit_policies defined by app rabbit
2025-02-21 06:17:28.753621+00:00 [info] <0.216.0> Running boot step rabbit_policy defined by app rabbit
2025-02-21 06:17:28.753655+00:00 [info] <0.216.0> Running boot step rabbit_quorum_memory_manager defined by app rabbit
2025-02-21 06:17:28.753696+00:00 [info] <0.216.0> Running boot step rabbit_quorum_queue defined by app rabbit
2025-02-21 06:17:28.753769+00:00 [info] <0.216.0> Running boot step rabbit_stream_coordinator defined by app rabbit
2025-02-21 06:17:28.754001+00:00 [info] <0.216.0> Running boot step rabbit_vhost_limit defined by app rabbit
2025-02-21 06:17:28.754066+00:00 [info] <0.216.0> Running boot step rabbit_mgmt_reset_handler defined by app rabbitmq_management
2025-02-21 06:17:28.754104+00:00 [info] <0.216.0> Running boot step rabbit_mgmt_db_handler defined by app rabbitmq_management_agent
2025-02-21 06:17:28.754126+00:00 [info] <0.216.0> Management plugin: using rates mode 'basic'
2025-02-21 06:17:28.754299+00:00 [info] <0.216.0> Running boot step recovery defined by app rabbit
2025-02-21 06:17:28.767233+00:00 [info] <0.216.0> Running boot step empty_db_check defined by app rabbit
2025-02-21 06:17:28.767309+00:00 [info] <0.216.0> Will seed default virtual host and user...
2025-02-21 06:17:28.767391+00:00 [info] <0.216.0> Adding vhost '/' (description: 'Default virtual host', tags: [])
2025-02-21 06:17:28.770483+00:00 [info] <0.542.0> Making sure data directory '/var/lib/rabbitmq/mnesia/rabbit@3b70c3844c74/msg_stores/vhosts/628WB79CIFDYO9LJI6DKMI09L' for vhost '/' exists
2025-02-21 06:17:28.772262+00:00 [info] <0.542.0> Setting segment_entry_count for vhost '/' with 0 queues to '2048'
2025-02-21 06:17:28.778695+00:00 [info] <0.542.0> Starting message stores for vhost '/'
2025-02-21 06:17:28.781048+00:00 [info] <0.542.0> Started message store of type transient for vhost '/'
2025-02-21 06:17:28.781667+00:00 [warning] <0.556.0> Message store "628WB79CIFDYO9LJI6DKMI09L/msg_store_persistent": rebuilding indices from scratch
2025-02-21 06:17:28.785792+00:00 [info] <0.542.0> Started message store of type persistent for vhost '/'
2025-02-21 06:17:28.785943+00:00 [info] <0.542.0> Recovering 0 queues of type rabbit_classic_queue took 13ms
2025-02-21 06:17:28.786010+00:00 [info] <0.542.0> Recovering 0 queues of type rabbit_quorum_queue took 0ms
2025-02-21 06:17:28.786055+00:00 [info] <0.542.0> Recovering 0 queues of type rabbit_stream_queue took 0ms
2025-02-21 06:17:28.788063+00:00 [info] <0.216.0> Created user 'admin'
2025-02-21 06:17:28.788657+00:00 [info] <0.216.0> Successfully set user tags for user 'admin' to [administrator]
2025-02-21 06:17:28.789177+00:00 [info] <0.216.0> Successfully set permissions for user 'admin' in virtual host '/' to '.*', '.*', '.*'
2025-02-21 06:17:28.789207+00:00 [info] <0.216.0> Running boot step rabbit_observer_cli defined by app rabbit
2025-02-21 06:17:28.789255+00:00 [info] <0.216.0> Running boot step rabbit_core_metrics_gc defined by app rabbit
2025-02-21 06:17:28.789355+00:00 [info] <0.216.0> Running boot step background_gc defined by app rabbit
2025-02-21 06:17:28.789537+00:00 [info] <0.216.0> Running boot step routing_ready defined by app rabbit
2025-02-21 06:17:28.789561+00:00 [info] <0.216.0> Running boot step pre_flight defined by app rabbit
2025-02-21 06:17:28.789579+00:00 [info] <0.216.0> Running boot step notify_cluster defined by app rabbit
2025-02-21 06:17:28.789595+00:00 [info] <0.216.0> Running boot step networking defined by app rabbit
2025-02-21 06:17:28.789657+00:00 [info] <0.216.0> Running boot step rabbit_quorum_queue_periodic_membership_reconciliation defined by app rabbit
2025-02-21 06:17:28.789730+00:00 [info] <0.216.0> Running boot step definition_import_worker_pool defined by app rabbit
2025-02-21 06:17:28.789795+00:00 [info] <0.271.0> Starting worker pool 'definition_import_pool' with 8 processes in it
2025-02-21 06:17:28.789994+00:00 [info] <0.216.0> Running boot step cluster_name defined by app rabbit
2025-02-21 06:17:28.790039+00:00 [info] <0.216.0> Initialising internal cluster ID to 'rabbitmq-cluster-id-8CZNShSEbdKGciURKEYKEA'
2025-02-21 06:17:28.790740+00:00 [info] <0.216.0> Running boot step virtual_host_reconciliation defined by app rabbit
2025-02-21 06:17:28.790969+00:00 [info] <0.216.0> Running boot step direct_client defined by app rabbit
2025-02-21 06:17:28.791031+00:00 [info] <0.216.0> Running boot step cluster_tags defined by app rabbit
2025-02-21 06:17:28.791583+00:00 [info] <0.216.0> Running boot step rabbit_management_load_definitions defined by app rabbitmq_management
2025-02-21 06:17:28.791744+00:00 [info] <0.597.0> Resetting node maintenance status
2025-02-21 06:17:29.004068+00:00 [warning] <0.619.0> Deprecated features: `management_metrics_collection`: Feature `management_metrics_collection` is deprecated.
2025-02-21 06:17:29.004068+00:00 [warning] <0.619.0> By default, this feature can still be used for now.
2025-02-21 06:17:29.004068+00:00 [warning] <0.619.0> Its use will not be permitted by default in a future minor RabbitMQ version and the feature will be removed from a future major RabbitMQ version; actual versions to be determined.
2025-02-21 06:17:29.004068+00:00 [warning] <0.619.0> To continue using this feature when it is not permitted by default, set the following parameter in your configuration:
2025-02-21 06:17:29.004068+00:00 [warning] <0.619.0>     "deprecated_features.permit.management_metrics_collection = true"
2025-02-21 06:17:29.004068+00:00 [warning] <0.619.0> To test RabbitMQ as if the feature was removed, set this in your configuration:
2025-02-21 06:17:29.004068+00:00 [warning] <0.619.0>     "deprecated_features.permit.management_metrics_collection = false"
2025-02-21 06:17:29.114373+00:00 [info] <0.655.0> Management plugin: HTTP (non-TLS) listener started on port 15672
2025-02-21 06:17:29.114598+00:00 [info] <0.683.0> Statistics database started.
2025-02-21 06:17:29.115476+00:00 [info] <0.682.0> Starting worker pool 'management_worker_pool' with 3 processes in it
2025-02-21 06:17:29.118471+00:00 [info] <0.691.0> rabbit_stomp: default user 'guest' enabled
2025-02-21 06:17:29.119172+00:00 [info] <0.710.0> started STOMP TCP listener on [::]:61613
2025-02-21 06:17:29.121352+00:00 [info] <0.716.0> Starting MQTT retained message store rabbit_mqtt_retained_msg_store_dets for vhost '/'
2025-02-21 06:17:29.123850+00:00 [info] <0.716.0> Recovered MQTT retained message store rabbit_mqtt_retained_msg_store_dets for vhost '/'
2025-02-21 06:17:29.124793+00:00 [info] <0.736.0> started MQTT TCP listener on [::]:1883
2025-02-21 06:17:29.126171+00:00 [info] <0.597.0> Ready to start client connection listeners
2025-02-21 06:17:29.130532+00:00 [info] <0.754.0> started TCP listener on [::]:5672
2025-02-21 06:17:29.328453+00:00 [info] <0.597.0> Server startup complete; 5 plugins started.
2025-02-21 06:17:29.328453+00:00 [info] <0.597.0>  * rabbitmq_mqtt
2025-02-21 06:17:29.328453+00:00 [info] <0.597.0>  * rabbitmq_stomp
2025-02-21 06:17:29.328453+00:00 [info] <0.597.0>  * rabbitmq_management
2025-02-21 06:17:29.328453+00:00 [info] <0.597.0>  * rabbitmq_management_agent
2025-02-21 06:17:29.328453+00:00 [info] <0.597.0>  * rabbitmq_web_dispatch
2025-02-21 06:17:29.395180+00:00 [info] <0.10.0> Time to start RabbitMQ: 4399 ms
2025-02-21 06:17:29.451744+00:00 [info] <0.759.0> accepting STOMP connection <0.759.0> (172.21.0.1:55826 -> 172.21.0.2:61613)
2025-02-21 06:17:29.641384+00:00 [info] <0.759.0> closing STOMP connection <0.759.0> (172.21.0.1:55826 -> 172.21.0.2:61613)
